<?xml version="1.0" encoding="UTF-8"?>
<!-- Generated by org.testng.reporters.JUnitReportReporter -->
<testsuite hostname="Panadol-Extra" failures="0" tests="3" name="testcase.ReadWriteDataExcel" time="2.734" errors="0" timestamp="2023-12-19T17:11:51 PKT" skipped="0">
  <testcase classname="testcase.ReadWriteDataExcel" name="RedirectToURL" time="1.870"/>
  <system-out/>
  <testcase classname="testcase.ReadWriteDataExcel" name="writeData" time="0.733"/>
  <system-out/>
  <testcase classname="testcase.ReadWriteDataExcel" name="readData" time="0.131"/>
  <system-out/>
</testsuite> <!-- testcase.ReadWriteDataExcel -->
